{"numTotalTestSuites":2,"numPassedTestSuites":0,"numFailedTestSuites":2,"numPendingTestSuites":0,"numTotalTests":0,"numPassedTests":0,"numFailedTests":0,"numPendingTests":0,"numTodoTests":0,"snapshot":{"added":0,"failure":false,"filesAdded":0,"filesRemoved":0,"filesRemovedList":[],"filesUnmatched":0,"filesUpdated":0,"matched":0,"total":0,"unchecked":0,"uncheckedKeysByFile":[],"unmatched":0,"updated":0,"didUpdate":false},"startTime":1773209795186,"success":false,"testResults":[{"assertionResults":[],"startTime":1773209795186,"endTime":1773209795186,"status":"failed","message":"Failed to load url C:/Users/Administrator/Downloads/OJT/Week3_GIT/AISTHEA-Project/client/src/setupTests.ts (resolved id: C:/Users/Administrator/Downloads/OJT/Week3_GIT/AISTHEA-Project/client/src/setupTests.ts). Does the file exist?","name":"C:/Users/Administrator/Downloads/OJT/Week3_GIT/AISTHEA-Project/client/src/common/pages/OrderDetailPage.return.test.tsx"},{"assertionResults":[],"startTime":1773209795186,"endTime":1773209795186,"status":"failed","message":"Failed to load url C:/Users/Administrator/Downloads/OJT/Week3_GIT/AISTHEA-Project/client/src/setupTests.ts (resolved id: C:/Users/Administrator/Downloads/OJT/Week3_GIT/AISTHEA-Project/client/src/setupTests.ts). Does the file exist?","name":"C:/Users/Administrator/Downloads/OJT/Week3_GIT/AISTHEA-Project/client/src/common/pages/OrderDetailPage.test.tsx"}]}
